<?xml version="1.0" encoding="UTF-8"?>
<!-- Generated by org.testng.reporters.JUnitReportReporter -->
<testsuite hostname="Dimos-MacBook-Pro-2.local" failures="0" tests="1" name="forgotPassword.ForgotPasswordTests" time="4.493" errors="0" timestamp="2024-10-31T22:29:05 EET" skipped="0">
  <testcase classname="forgotPassword.ForgotPasswordTests" name="forgotPassword" time="4.493"/>
  <system-out/>
</testsuite> <!-- forgotPassword.ForgotPasswordTests -->
